c:\users\lenovo\documents\new_game\sgd\sgd\x64\debug\vc142.pdb
c:\users\lenovo\documents\new_game\sgd\sgd\x64\debug\vc142.idb
c:\users\lenovo\documents\new_game\sgd\sgd\x64\debug\main.obj
c:\users\lenovo\documents\new_game\sgd\sgd\x64\debug\collage.obj
c:\users\lenovo\documents\new_game\sgd\sgd\x64\debug\button.obj
c:\users\lenovo\documents\new_game\sgd\sgd\x64\debug\simple_b.obj
c:\users\lenovo\documents\new_game\sgd\sgd\x64\debug\toggle_b.obj
c:\users\lenovo\documents\new_game\sgd\sgd\x64\debug\sprite_i.obj
c:\users\lenovo\documents\new_game\sgd\sgd\x64\debug\simple_i.obj
c:\users\lenovo\documents\new_game\sgd\sgd\x64\debug\image.obj
c:\users\lenovo\documents\new_game\sgd\sgd\x64\debug\color.obj
c:\users\lenovo\documents\new_game\sgd\sgd\x64\debug\multis_i.obj
c:\users\lenovo\documents\new_game\sgd\sgd\x64\debug\object.obj
c:\users\lenovo\documents\new_game\sgd\sgd\x64\debug\group.obj
c:\users\lenovo\documents\new_game\sgd\sgd\x64\debug\tile.obj
c:\users\lenovo\documents\new_game\sgd\sgd\x64\debug\timer_b.obj
c:\users\lenovo\documents\new_game\sgd\sgd\x64\debug\color_i.obj
c:\users\lenovo\documents\new_game\sgd\sgd\x64\debug\radio_g.obj
c:\users\lenovo\documents\new_game\sgd\x64\debug\sgd.exe
c:\users\lenovo\documents\new_game\sgd\x64\debug\sgd.ilk
c:\users\lenovo\documents\new_game\sgd\x64\debug\sgd.pdb
c:\users\lenovo\documents\new_game\sgd\sgd\x64\debug\sgd.tlog\cl.command.1.tlog
c:\users\lenovo\documents\new_game\sgd\sgd\x64\debug\sgd.tlog\cl.read.1.tlog
c:\users\lenovo\documents\new_game\sgd\sgd\x64\debug\sgd.tlog\cl.write.1.tlog
c:\users\lenovo\documents\new_game\sgd\sgd\x64\debug\sgd.tlog\link.command.1.tlog
c:\users\lenovo\documents\new_game\sgd\sgd\x64\debug\sgd.tlog\link.read.1.tlog
c:\users\lenovo\documents\new_game\sgd\sgd\x64\debug\sgd.tlog\link.write.1.tlog
