  main.cpp
C:\Users\Lenovo\Documents\New_Game\SGD\SGD\files\main.cpp(41,50): warning C4244: аргумент: преобразование "double" в "T", возможна потеря данных
          with
          [
              T=float
          ]
C:\Users\Lenovo\Documents\New_Game\SGD\SGD\files\main.cpp(41,41): warning C4244: аргумент: преобразование "double" в "T", возможна потеря данных
          with
          [
              T=float
          ]
C:\Users\Lenovo\Documents\New_Game\SGD\SGD\files\vect.cpp(38,17): warning C4804: /: небезопасное использование типа "bool" в операции
C:\Users\Lenovo\Documents\New_Game\SGD\SGD\files\vect.cpp(36): message : во время компиляции функции-члена класс шаблон "mgl::vect<bool> mgl::vect<bool>::operator /(const T &)"
          with
          [
              T=bool
          ]
C:\Users\Lenovo\Documents\New_Game\SGD\SGD\files\template.h(21): message : выполняется компиляция ссылки на экземпляр класс шаблон функции "mgl::vect<bool>"
C:\Users\Lenovo\Documents\New_Game\SGD\SGD\files\vect.cpp(38,33): warning C4804: /: небезопасное использование типа "bool" в операции
  SGD.vcxproj -> C:\Users\Lenovo\Documents\New_Game\SGD\x64\Debug\SGD.exe
